#
# A fatal error has been detected by the Java Runtime Environment:
#
#  EXCEPTION_ACCESS_VIOLATION (0xc0000005) at pc=0x0000000077bba365, pid=9840, tid=3908
#
# JRE version: OpenJDK Runtime Environment (17.0.1+12) (build 17.0.1+12-39)
# Java VM: OpenJDK 64-Bit Server VM (17.0.1+12-39, mixed mode, sharing, tiered, compressed oops, compressed class ptrs, g1 gc, windows-amd64)
# Problematic frame:
# C  [ntdll.dll+0x2a365]
#
# No core dump will be written. Minidumps are not enabled by default on client versions of Windows
#
# If you would like to submit a bug report, please visit:
#   https://bugreport.java.com/bugreport/crash.jsp
# The crash happened outside the Java Virtual Machine in native code.
# See problematic frame for where to report the bug.
#

---------------  S U M M A R Y ------------

Command Line: -javaagent:E:\Program Files\JetBrains\IntelliJ IDEA 2021.2.3\lib\idea_rt.jar=54471:E:\Program Files\JetBrains\IntelliJ IDEA 2021.2.3\bin -Dfile.encoding=UTF-8 --module-path=C:\Users\User\.m2\repository\org\openjfx\javafx-graphics\17.0.0.1\javafx-graphics-17.0.0.1-win.jar;C:\Users\User\.m2\repository\org\openjfx\javafx-base\17.0.0.1\javafx-base-17.0.0.1-win.jar;E:\OH NO HE IS HOT\programowanie wspó³bie¿ne\Projekt\target\classes;C:\Users\User\.m2\repository\org\openjfx\javafx-controls\17.0.0.1\javafx-controls-17.0.0.1-win.jar;C:\Users\User\.m2\repository\org\openjfx\javafx-fxml\17.0.0.1\javafx-fxml-17.0.0.1-win.jar -Djdk.module.main=com.example.projekt com.example.projekt/com.example.projekt.main

Host: Intel(R) Core(TM) i5-4460  CPU @ 3.20GHz, 4 cores, 15G,  Windows 7 , 64 bit Build 7601 (6.1.7601.24231)
Time: Wed Jan 26 14:04:25 2022 Œrodkowoeuropejski czas stand. elapsed time: 88.752126 seconds (0d 0h 1m 28s)

---------------  T H R E A D  ---------------

Current thread (0x0000000027ed47d0):  JavaThread "QuantumRenderer-0" daemon [_thread_in_native, id=3908, stack(0x00000000286a0000,0x00000000287a0000)]

Stack: [0x00000000286a0000,0x00000000287a0000],  sp=0x000000002879e130,  free space=1016k
Native frames: (J=compiled Java code, j=interpreted, Vv=VM code, C=native code)
C  [ntdll.dll+0x2a365]
C  [kernel32.dll+0x21a0a]
C  [d3d9.dll+0x2319]

Java frames: (J=compiled Java code, j=interpreted, Vv=VM code)
J 3687  com.sun.prism.d3d.D3DSwapChain.nPresent(JJ)I javafx.graphics (0 bytes) @ 0x00000000119d25ec [0x00000000119d25a0+0x000000000000004c]
J 3630 c1 com.sun.prism.d3d.D3DSwapChain.present()Z javafx.graphics (35 bytes) @ 0x000000000aa2bbf4 [0x000000000aa2b960+0x0000000000000294]
J 3540 c1 com.sun.javafx.tk.quantum.PresentingPainter.run()V javafx.graphics (680 bytes) @ 0x000000000a9f6654 [0x000000000a9f0380+0x00000000000062d4]
J 3619 c1 java.util.concurrent.Executors$RunnableAdapter.call()Ljava/lang/Object; java.base@17.0.1 (14 bytes) @ 0x000000000aa213d4 [0x000000000aa212c0+0x0000000000000114]
J 3620 c1 java.util.concurrent.FutureTask.runAndReset()Z java.base@17.0.1 (125 bytes) @ 0x000000000aa22164 [0x000000000aa218c0+0x00000000000008a4]
J 3539 c1 com.sun.javafx.tk.RenderJob.run()V javafx.graphics (92 bytes) @ 0x000000000a9edd7c [0x000000000a9edd00+0x000000000000007c]
j  java.util.concurrent.ThreadPoolExecutor.runWorker(Ljava/util/concurrent/ThreadPoolExecutor$Worker;)V+92 java.base@17.0.1
j  java.util.concurrent.ThreadPoolExecutor$Worker.run()V+5 java.base@17.0.1
j  com.sun.javafx.tk.quantum.QuantumRenderer$PipelineRunnable.run()V+8 javafx.graphics
j  java.lang.Thread.run()V+11 java.base@17.0.1
v  ~StubRoutines::call_stub

siginfo: EXCEPTION_ACCESS_VIOLATION (0xc0000005), reading address 0x000000000d1de2f8


Register to memory mapping:

RIP=0x0000000077bba365 ntdll.dll
RAX=0x0000003879ef6fc2 is an unknown value
RBX=0x000000000d1de2f0 is an unknown value
RCX=0x000000ffffffffff is an unknown value
RDX=0x0 is NULL
RSP=0x000000002879e130 is pointing into the stack for thread: 0x0000000027ed47d0
RBP=0x000000002a7eb970 points into unknown readable memory: 0x0000000000000000 | 00 00 00 00 00 00 00 00
RSI=0x0 is NULL
RDI=0x0 is NULL
R8 =0x000000002a7eb960 points into unknown readable memory: 0x0000000000000000 | 00 00 00 00 00 00 00 00
R9 =0x0000000000000001 is an unknown value
R10=0x0 is NULL
R11=0x0000005a003b000e is an unknown value
R12=0x0000000027770000 points into unknown readable memory: 0x0000000000000000 | 00 00 00 00 00 00 00 00
R13=0x0000000000000320 is an unknown value
R14=0x000000002879e9b8 is pointing into the stack for thread: 0x0000000027ed47d0
R15=0x0000000000000320 is an unknown value


Registers:
RAX=0x0000003879ef6fc2, RBX=0x000000000d1de2f0, RCX=0x000000ffffffffff, RDX=0x0000000000000000
RSP=0x000000002879e130, RBP=0x000000002a7eb970, RSI=0x0000000000000000, RDI=0x0000000000000000
R8 =0x000000002a7eb960, R9 =0x0000000000000001, R10=0x0000000000000000, R11=0x0000005a003b000e
R12=0x0000000027770000, R13=0x0000000000000320, R14=0x000000002879e9b8, R15=0x0000000000000320
RIP=0x0000000077bba365, EFLAGS=0x0000000000010206

Top of Stack: (sp=0x000000002879e130)
0x000000002879e130:   000000002879e990 00000000276ac480
0x000000002879e140:   0000000000000008 0000000000000001
0x000000002879e150:   000000002a7eb980 0000000077991a0a
0x000000002879e160:   000000002769f870 0000000000000320
0x000000002879e170:   0000000000000320 000000002879e9b8
0x000000002879e180:   000000002879e990 000000002a7eb980
0x000000002879e190:   00000000276ad5b8 0000000000000320
0x000000002879e1a0:   0000000000000001 0000000077991a0a
0x000000002879e1b0:   00000000276ac480 0000000000000320
0x000000002879e1c0:   0000000000000001 000000002a7eb980
0x000000002879e1d0:   00000000276ac840 000007fef4ca2319
0x000000002879e1e0:   0000000027605970 000000002769f870
0x000000002879e1f0:   fffffffffffffffe 000007fef4ca2319
0x000000002879e200:   000000002a7eb980 000007fef4cba675
0x000000002879e210:   0000000000000001 00000000276ad5b8
0x000000002879e220:   00000000276ad5b8 000000002a7eb980 

Instructions: (pc=0x0000000077bba365)
0x0000000077bba265:   04 25 30 00 00 00 b9 0d 00 00 c0 c7 80 50 12 00
0x0000000077bba275:   00 0d 00 00 c0 65 48 8b 1c 25 30 00 00 00 e8 78
0x0000000077bba285:   ba fe ff 89 43 68 32 c0 48 83 c4 50 41 5c 5f 5e
0x0000000077bba295:   5d 5b c3 80 7d ff 05 75 64 8b 4d f8 f7 c7 02 01
0x0000000077bba2a5:   00 3c 75 59 80 7d ff 05 4c 8d 4d f0 75 12 41 0f
0x0000000077bba2b5:   b6 41 0e 48 c1 e0 04 4c 2b c8 49 83 c1 10 eb 03
0x0000000077bba2c5:   4c 8b ce 85 c9 74 19 8d 41 ff 66 83 f8 03 73 10
0x0000000077bba2d5:   4c 8d 15 4c 8e fd ff 0f b7 c0 4d 8b 14 c2 eb 03
0x0000000077bba2e5:   4c 8b d6 c1 e9 10 ba 03 00 00 00 44 0f b7 c1 49
0x0000000077bba2f5:   8b cc 41 ff d2 85 c0 0f 88 60 ff ff ff f6 43 0f
0x0000000077bba305:   80 0f 84 a0 04 00 00 4c 89 ac 24 88 00 00 00 4c
0x0000000077bba315:   89 74 24 48 4c 8d 45 f0 4c 89 7c 24 40 41 0f 0d
0x0000000077bba325:   08 41 80 78 0f 05 75 0c 41 0f b6 40 0e 48 c1 e0
0x0000000077bba335:   04 4c 2b c0 49 8b 40 08 49 8b d8 48 b9 ff ff ff
0x0000000077bba345:   ff ff 00 00 00 49 33 dc 48 23 c1 48 c1 eb 04 48
0x0000000077bba355:   33 d8 48 33 1d 3a 32 10 00 48 c1 e3 04 0f 0d 0b
0x0000000077bba365:   48 8b 7b 08 49 bd 01 00 00 00 01 00 00 00 49 be
0x0000000077bba375:   ff 7f 00 00 ff ff ff ff 41 c6 40 0f 80 41 88 70
0x0000000077bba385:   0e 41 bf 00 00 ff ff 0f 1f 40 00 4c 8b 5b 10 4b
0x0000000077bba395:   8d 14 2b 49 23 d6 66 3b 53 1c 75 3f 48 8b 0b 48
0x0000000077bba3a5:   8b 81 a8 00 00 00 44 8b 48 20 8b 81 a4 00 00 00
0x0000000077bba3b5:   44 8b 91 b0 00 00 00 83 f8 01 75 0e 45 3b ca 72
0x0000000077bba3c5:   09 45 2b ca 41 83 f9 20 72 11 48 81 e2 00 00 ff
0x0000000077bba3d5:   ff be 03 00 00 00 49 0b d7 eb 2a 49 8b c3 be 01
0x0000000077bba3e5:   00 00 00 48 c1 e8 10 66 41 89 40 10 49 8b c0 48
0x0000000077bba3f5:   2b c7 48 c1 e0 0c 48 25 00 00 ff ff 48 0b d0 48
0x0000000077bba405:   8b 03 48 89 18 49 8b c3 f0 48 0f b1 53 10 0f 85
0x0000000077bba415:   77 ff ff ff 4c 8b 7c 24 40 4c 8b 74 24 48 4c 8b
0x0000000077bba425:   ac 24 88 00 00 00 66 45 85 db 75 75 8b 43 28 85
0x0000000077bba435:   c0 74 6e a8 02 75 6a 8b c8 83 c9 02 f0 0f b1 4b
0x0000000077bba445:   28 75 e9 4c 8b 03 45 33 c9 66 90 41 0f b7 80 b6
0x0000000077bba455:   00 00 00 41 03 c1 83 e0 0f 8b c8 49 8b 54 c0 10 


Stack slot to memory mapping:
stack at sp + 0 slots: 0x000000002879e990 is pointing into the stack for thread: 0x0000000027ed47d0
stack at sp + 1 slots: 0x00000000276ac480 points into unknown readable memory: 0x000007fef4e2c020 | 20 c0 e2 f4 fe 07 00 00
stack at sp + 2 slots: 0x0000000000000008 is an unknown value
stack at sp + 3 slots: 0x0000000000000001 is an unknown value
stack at sp + 4 slots: 0x000000002a7eb980 points into unknown readable memory: 0x000007fef4e2b0b0 | b0 b0 e2 f4 fe 07 00 00
stack at sp + 5 slots: 0x0000000077991a0a kernel32.dll
stack at sp + 6 slots: 0x000000002769f870 points into unknown readable memory: 0x00000000000000b2 | b2 00 00 00 00 00 00 00
stack at sp + 7 slots: 0x0000000000000320 is an unknown value


---------------  P R O C E S S  ---------------

Threads class SMR info:
_java_thread_list=0x000000002b0ac8e0, length=30, elements={
0x0000000000368040, 0x00000000256dab20, 0x00000000256db8a0, 0x00000000256ec170,
0x00000000256eeb90, 0x00000000256f1450, 0x00000000256f1d10, 0x00000000256f2db0,
0x00000000256f3760, 0x00000000256f57e0, 0x00000000257b6fd0, 0x0000000027390e30,
0x0000000027305030, 0x0000000027ed47d0, 0x000000002812fa30, 0x0000000028131ba0,
0x0000000028361360, 0x0000000028361830, 0x00000000283626a0, 0x0000000028362b70,
0x0000000028363510, 0x00000000283639e0, 0x0000000027212a50, 0x0000000028363eb0,
0x0000000027212f20, 0x0000000028364850, 0x00000000272133f0, 0x0000000027349d30,
0x0000000027212580, 0x00000000272138c0
}

Java Threads: ( => current thread )
  0x0000000000368040 JavaThread "main" [_thread_blocked, id=5340, stack(0x00000000022a0000,0x00000000023a0000)]
  0x00000000256dab20 JavaThread "Reference Handler" daemon [_thread_blocked, id=9804, stack(0x00000000263c0000,0x00000000264c0000)]
  0x00000000256db8a0 JavaThread "Finalizer" daemon [_thread_blocked, id=6660, stack(0x0000000026540000,0x0000000026640000)]
  0x00000000256ec170 JavaThread "Signal Dispatcher" daemon [_thread_blocked, id=9620, stack(0x0000000026050000,0x0000000026150000)]
  0x00000000256eeb90 JavaThread "Attach Listener" daemon [_thread_blocked, id=2492, stack(0x0000000026730000,0x0000000026830000)]
  0x00000000256f1450 JavaThread "Service Thread" daemon [_thread_blocked, id=9812, stack(0x0000000026860000,0x0000000026960000)]
  0x00000000256f1d10 JavaThread "Monitor Deflation Thread" daemon [_thread_blocked, id=10496, stack(0x0000000026a20000,0x0000000026b20000)]
  0x00000000256f2db0 JavaThread "C2 CompilerThread0" daemon [_thread_blocked, id=1516, stack(0x0000000026c20000,0x0000000026d20000)]
  0x00000000256f3760 JavaThread "C1 CompilerThread0" daemon [_thread_blocked, id=7820, stack(0x0000000026e90000,0x0000000026f90000)]
  0x00000000256f57e0 JavaThread "Sweeper thread" daemon [_thread_blocked, id=8880, stack(0x0000000026fc0000,0x00000000270c0000)]
  0x00000000257b6fd0 JavaThread "Common-Cleaner" daemon [_thread_blocked, id=10380, stack(0x00000000270f0000,0x00000000271f0000)]
  0x0000000027390e30 JavaThread "Monitor Ctrl-Break" daemon [_thread_in_native, id=10576, stack(0x0000000027780000,0x0000000027880000)]
  0x0000000027305030 JavaThread "Notification Thread" daemon [_thread_blocked, id=7552, stack(0x00000000279a0000,0x0000000027aa0000)]
=>0x0000000027ed47d0 JavaThread "QuantumRenderer-0" daemon [_thread_in_native, id=3908, stack(0x00000000286a0000,0x00000000287a0000)]
  0x000000002812fa30 JavaThread "InvokeLaterDispatcher" daemon [_thread_blocked, id=9608, stack(0x0000000028b20000,0x0000000028c20000)]
  0x0000000028131ba0 JavaThread "JavaFX Application Thread" [_thread_blocked, id=5172, stack(0x0000000028c20000,0x0000000028d20000)]
  0x0000000028361360 JavaThread "Thread-1" daemon [_thread_in_native, id=6000, stack(0x000000002a270000,0x000000002a370000)]
  0x0000000028361830 JavaThread "JavaFX-Launcher" [_thread_blocked, id=1884, stack(0x00000000289f0000,0x0000000028af0000)]
  0x00000000283626a0 JavaThread "Prism Font Disposer" daemon [_thread_blocked, id=8892, stack(0x000000002e7f0000,0x000000002e8f0000)]
  0x0000000028362b70 JavaThread "Cleaner-0" daemon [_thread_blocked, id=10208, stack(0x000000002e950000,0x000000002ea50000)]
  0x0000000028363510 JavaThread "Thread-3" [_thread_blocked, id=9712, stack(0x000000002ea60000,0x000000002eb60000)]
  0x00000000283639e0 JavaThread "Thread-4" [_thread_blocked, id=7984, stack(0x000000002f850000,0x000000002f950000)]
  0x0000000027212a50 JavaThread "Thread-31" [_thread_blocked, id=6924, stack(0x0000000038fe0000,0x00000000390e0000)]
  0x0000000028363eb0 JavaThread "Thread-32" [_thread_blocked, id=10704, stack(0x00000000287f0000,0x00000000288f0000)]
  0x0000000027212f20 JavaThread "Thread-33" [_thread_blocked, id=10308, stack(0x0000000031c90000,0x0000000031d90000)]
  0x0000000028364850 JavaThread "Thread-34" [_thread_blocked, id=10420, stack(0x000000002f9b0000,0x000000002fab0000)]
  0x00000000272133f0 JavaThread "Thread-35" [_thread_blocked, id=2244, stack(0x000000002fd30000,0x000000002fe30000)]
  0x0000000027349d30 JavaThread "Thread-36" [_thread_blocked, id=9732, stack(0x00000000390f0000,0x00000000391f0000)]
  0x0000000027212580 JavaThread "Thread-37" [_thread_blocked, id=4048, stack(0x000000002bc40000,0x000000002bd40000)]
  0x00000000272138c0 JavaThread "Thread-38" [_thread_blocked, id=3988, stack(0x0000000034fa0000,0x00000000350a0000)]

Other Threads:
  0x00000000256d1080 VMThread "VM Thread" [stack: 0x00000000261e0000,0x00000000262e0000] [id=10196]
  0x0000000027391300 WatcherThread [stack: 0x0000000027b90000,0x0000000027c90000] [id=3228]
  0x00000000003bf430 GCTaskThread "GC Thread#0" [stack: 0x0000000022b20000,0x0000000022c20000] [id=10360]
  0x0000000027cc2f80 GCTaskThread "GC Thread#1" [stack: 0x00000000284f0000,0x00000000285f0000] [id=5888]
  0x0000000027f0f7d0 GCTaskThread "GC Thread#2" [stack: 0x0000000026b20000,0x0000000026c20000] [id=10640]
  0x00000000280d26c0 GCTaskThread "GC Thread#3" [stack: 0x0000000027880000,0x0000000027980000] [id=9440]
  0x00000000003d0100 ConcurrentGCThread "G1 Main Marker" [stack: 0x0000000022d30000,0x0000000022e30000] [id=10540]
  0x00000000003d0a20 ConcurrentGCThread "G1 Conc#0" [stack: 0x0000000022c20000,0x0000000022d20000] [id=11164]
  0x000000002530b4d0 ConcurrentGCThread "G1 Refine#0" [stack: 0x00000000254f0000,0x00000000255f0000] [id=10932]
  0x000000002530d9c0 ConcurrentGCThread "G1 Service" [stack: 0x00000000253b0000,0x00000000254b0000] [id=9168]

Threads with active compile tasks:

VM state: not at safepoint (normal execution)

VM Mutex/Monitor currently owned by a thread: None

Heap address: 0x0000000701800000, size: 4072 MB, Compressed Oops mode: Zero based, Oop shift amount: 3

CDS archive(s) mapped at: [0x0000000800000000-0x0000000800bc0000-0x0000000800bc0000), size 12320768, SharedBaseAddress: 0x0000000800000000, ArchiveRelocationMode: 0.
Compressed class space mapped at: 0x0000000800c00000-0x0000000840c00000, reserved size: 1073741824
Narrow klass base: 0x0000000800000000, Narrow klass shift: 0, Narrow klass range: 0x100000000

GC Precious Log:
 CPUs: 4 total, 4 available
 Memory: 16280M
 Large Page Support: Disabled
 NUMA Support: Disabled
 Compressed Oops: Enabled (Zero based)
 Heap Region Size: 2M
 Heap Min Capacity: 8M
 Heap Initial Capacity: 256M
 Heap Max Capacity: 4072M
 Pre-touch: Disabled
 Parallel Workers: 4
 Concurrent Workers: 1
 Concurrent Refinement Workers: 4
 Periodic GC: Disabled

Heap:
 garbage-first heap   total 262144K, used 67429K [0x0000000701800000, 0x0000000800000000)
  region size 2048K, 33 young (67584K), 2 survivors (4096K)
 Metaspace       used 16777K, committed 17088K, reserved 1064960K
  class space    used 2258K, committed 2368K, reserved 1048576K

Heap Regions: E=young(eden), S=young(survivor), O=old, HS=humongous(starts), HC=humongous(continues), CS=collection set, F=free, OA=open archive, CA=closed archive, TAMS=top-at-mark-start (previous, next)
|   0|0x0000000701800000, 0x0000000701a00000, 0x0000000701a00000|100%|HS|  |TAMS 0x0000000701800000, 0x0000000701800000| Complete 
|   1|0x0000000701a00000, 0x0000000701a00000, 0x0000000701c00000|  0%| F|  |TAMS 0x0000000701a00000, 0x0000000701a00000| Untracked 
|   2|0x0000000701c00000, 0x0000000701c00000, 0x0000000701e00000|  0%| F|  |TAMS 0x0000000701c00000, 0x0000000701c00000| Untracked 
|   3|0x0000000701e00000, 0x0000000701e00000, 0x0000000702000000|  0%| F|  |TAMS 0x0000000701e00000, 0x0000000701e00000| Untracked 
|   4|0x0000000702000000, 0x0000000702000000, 0x0000000702200000|  0%| F|  |TAMS 0x0000000702000000, 0x0000000702000000| Untracked 
|   5|0x0000000702200000, 0x0000000702200000, 0x0000000702400000|  0%| F|  |TAMS 0x0000000702200000, 0x0000000702200000| Untracked 
|   6|0x0000000702400000, 0x0000000702400000, 0x0000000702600000|  0%| F|  |TAMS 0x0000000702400000, 0x0000000702400000| Untracked 
|   7|0x0000000702600000, 0x0000000702600000, 0x0000000702800000|  0%| F|  |TAMS 0x0000000702600000, 0x0000000702600000| Untracked 
|   8|0x0000000702800000, 0x0000000702800000, 0x0000000702a00000|  0%| F|  |TAMS 0x0000000702800000, 0x0000000702800000| Untracked 
|   9|0x0000000702a00000, 0x0000000702a00000, 0x0000000702c00000|  0%| F|  |TAMS 0x0000000702a00000, 0x0000000702a00000| Untracked 
|  10|0x0000000702c00000, 0x0000000702c00000, 0x0000000702e00000|  0%| F|  |TAMS 0x0000000702c00000, 0x0000000702c00000| Untracked 
|  11|0x0000000702e00000, 0x0000000702e00000, 0x0000000703000000|  0%| F|  |TAMS 0x0000000702e00000, 0x0000000702e00000| Untracked 
|  12|0x0000000703000000, 0x0000000703000000, 0x0000000703200000|  0%| F|  |TAMS 0x0000000703000000, 0x0000000703000000| Untracked 
|  13|0x0000000703200000, 0x0000000703200000, 0x0000000703400000|  0%| F|  |TAMS 0x0000000703200000, 0x0000000703200000| Untracked 
|  14|0x0000000703400000, 0x0000000703400000, 0x0000000703600000|  0%| F|  |TAMS 0x0000000703400000, 0x0000000703400000| Untracked 
|  15|0x0000000703600000, 0x0000000703600000, 0x0000000703800000|  0%| F|  |TAMS 0x0000000703600000, 0x0000000703600000| Untracked 
|  16|0x0000000703800000, 0x0000000703800000, 0x0000000703a00000|  0%| F|  |TAMS 0x0000000703800000, 0x0000000703800000| Untracked 
|  17|0x0000000703a00000, 0x0000000703a00000, 0x0000000703c00000|  0%| F|  |TAMS 0x0000000703a00000, 0x0000000703a00000| Untracked 
|  18|0x0000000703c00000, 0x0000000703c00000, 0x0000000703e00000|  0%| F|  |TAMS 0x0000000703c00000, 0x0000000703c00000| Untracked 
|  19|0x0000000703e00000, 0x0000000703e00000, 0x0000000704000000|  0%| F|  |TAMS 0x0000000703e00000, 0x0000000703e00000| Untracked 
|  20|0x0000000704000000, 0x0000000704000000, 0x0000000704200000|  0%| F|  |TAMS 0x0000000704000000, 0x0000000704000000| Untracked 
|  21|0x0000000704200000, 0x0000000704200000, 0x0000000704400000|  0%| F|  |TAMS 0x0000000704200000, 0x0000000704200000| Untracked 
|  22|0x0000000704400000, 0x0000000704400000, 0x0000000704600000|  0%| F|  |TAMS 0x0000000704400000, 0x0000000704400000| Untracked 
|  23|0x0000000704600000, 0x0000000704600000, 0x0000000704800000|  0%| F|  |TAMS 0x0000000704600000, 0x0000000704600000| Untracked 
|  24|0x0000000704800000, 0x0000000704800000, 0x0000000704a00000|  0%| F|  |TAMS 0x0000000704800000, 0x0000000704800000| Untracked 
|  25|0x0000000704a00000, 0x0000000704a00000, 0x0000000704c00000|  0%| F|  |TAMS 0x0000000704a00000, 0x0000000704a00000| Untracked 
|  26|0x0000000704c00000, 0x0000000704c00000, 0x0000000704e00000|  0%| F|  |TAMS 0x0000000704c00000, 0x0000000704c00000| Untracked 
|  27|0x0000000704e00000, 0x0000000704e00000, 0x0000000705000000|  0%| F|  |TAMS 0x0000000704e00000, 0x0000000704e00000| Untracked 
|  28|0x0000000705000000, 0x0000000705000000, 0x0000000705200000|  0%| F|  |TAMS 0x0000000705000000, 0x0000000705000000| Untracked 
|  29|0x0000000705200000, 0x0000000705200000, 0x0000000705400000|  0%| F|  |TAMS 0x0000000705200000, 0x0000000705200000| Untracked 
|  30|0x0000000705400000, 0x0000000705400000, 0x0000000705600000|  0%| F|  |TAMS 0x0000000705400000, 0x0000000705400000| Untracked 
|  31|0x0000000705600000, 0x0000000705600000, 0x0000000705800000|  0%| F|  |TAMS 0x0000000705600000, 0x0000000705600000| Untracked 
|  32|0x0000000705800000, 0x0000000705800000, 0x0000000705a00000|  0%| F|  |TAMS 0x0000000705800000, 0x0000000705800000| Untracked 
|  33|0x0000000705a00000, 0x0000000705a00000, 0x0000000705c00000|  0%| F|  |TAMS 0x0000000705a00000, 0x0000000705a00000| Untracked 
|  34|0x0000000705c00000, 0x0000000705c00000, 0x0000000705e00000|  0%| F|  |TAMS 0x0000000705c00000, 0x0000000705c00000| Untracked 
|  35|0x0000000705e00000, 0x0000000705e00000, 0x0000000706000000|  0%| F|  |TAMS 0x0000000705e00000, 0x0000000705e00000| Untracked 
|  36|0x0000000706000000, 0x0000000706000000, 0x0000000706200000|  0%| F|  |TAMS 0x0000000706000000, 0x0000000706000000| Untracked 
|  37|0x0000000706200000, 0x0000000706200000, 0x0000000706400000|  0%| F|  |TAMS 0x0000000706200000, 0x0000000706200000| Untracked 
|  38|0x0000000706400000, 0x0000000706400000, 0x0000000706600000|  0%| F|  |TAMS 0x0000000706400000, 0x0000000706400000| Untracked 
|  39|0x0000000706600000, 0x0000000706600000, 0x0000000706800000|  0%| F|  |TAMS 0x0000000706600000, 0x0000000706600000| Untracked 
|  40|0x0000000706800000, 0x0000000706800000, 0x0000000706a00000|  0%| F|  |TAMS 0x0000000706800000, 0x0000000706800000| Untracked 
|  41|0x0000000706a00000, 0x0000000706a00000, 0x0000000706c00000|  0%| F|  |TAMS 0x0000000706a00000, 0x0000000706a00000| Untracked 
|  42|0x0000000706c00000, 0x0000000706c00000, 0x0000000706e00000|  0%| F|  |TAMS 0x0000000706c00000, 0x0000000706c00000| Untracked 
|  43|0x0000000706e00000, 0x0000000706e00000, 0x0000000707000000|  0%| F|  |TAMS 0x0000000706e00000, 0x0000000706e00000| Untracked 
|  44|0x0000000707000000, 0x0000000707000000, 0x0000000707200000|  0%| F|  |TAMS 0x0000000707000000, 0x0000000707000000| Untracked 
|  45|0x0000000707200000, 0x0000000707200000, 0x0000000707400000|  0%| F|  |TAMS 0x0000000707200000, 0x0000000707200000| Untracked 
|  46|0x0000000707400000, 0x0000000707400000, 0x0000000707600000|  0%| F|  |TAMS 0x0000000707400000, 0x0000000707400000| Untracked 
|  47|0x0000000707600000, 0x0000000707600000, 0x0000000707800000|  0%| F|  |TAMS 0x0000000707600000, 0x0000000707600000| Untracked 
|  48|0x0000000707800000, 0x0000000707800000, 0x0000000707a00000|  0%| F|  |TAMS 0x0000000707800000, 0x0000000707800000| Untracked 
|  49|0x0000000707a00000, 0x0000000707a00000, 0x0000000707c00000|  0%| F|  |TAMS 0x0000000707a00000, 0x0000000707a00000| Untracked 
|  50|0x0000000707c00000, 0x0000000707c00000, 0x0000000707e00000|  0%| F|  |TAMS 0x0000000707c00000, 0x0000000707c00000| Untracked 
|  51|0x0000000707e00000, 0x0000000707e00000, 0x0000000708000000|  0%| F|  |TAMS 0x0000000707e00000, 0x0000000707e00000| Untracked 
|  52|0x0000000708000000, 0x0000000708000000, 0x0000000708200000|  0%| F|  |TAMS 0x0000000708000000, 0x0000000708000000| Untracked 
|  53|0x0000000708200000, 0x0000000708200000, 0x0000000708400000|  0%| F|  |TAMS 0x0000000708200000, 0x0000000708200000| Untracked 
|  54|0x0000000708400000, 0x0000000708400000, 0x0000000708600000|  0%| F|  |TAMS 0x0000000708400000, 0x0000000708400000| Untracked 
|  55|0x0000000708600000, 0x0000000708600000, 0x0000000708800000|  0%| F|  |TAMS 0x0000000708600000, 0x0000000708600000| Untracked 
|  56|0x0000000708800000, 0x0000000708800000, 0x0000000708a00000|  0%| F|  |TAMS 0x0000000708800000, 0x0000000708800000| Untracked 
|  57|0x0000000708a00000, 0x0000000708a00000, 0x0000000708c00000|  0%| F|  |TAMS 0x0000000708a00000, 0x0000000708a00000| Untracked 
|  58|0x0000000708c00000, 0x0000000708c00000, 0x0000000708e00000|  0%| F|  |TAMS 0x0000000708c00000, 0x0000000708c00000| Untracked 
|  59|0x0000000708e00000, 0x0000000708e00000, 0x0000000709000000|  0%| F|  |TAMS 0x0000000708e00000, 0x0000000708e00000| Untracked 
|  60|0x0000000709000000, 0x0000000709000000, 0x0000000709200000|  0%| F|  |TAMS 0x0000000709000000, 0x0000000709000000| Untracked 
|  61|0x0000000709200000, 0x0000000709200000, 0x0000000709400000|  0%| F|  |TAMS 0x0000000709200000, 0x0000000709200000| Untracked 
|  62|0x0000000709400000, 0x0000000709400000, 0x0000000709600000|  0%| F|  |TAMS 0x0000000709400000, 0x0000000709400000| Untracked 
|  63|0x0000000709600000, 0x0000000709600000, 0x0000000709800000|  0%| F|  |TAMS 0x0000000709600000, 0x0000000709600000| Untracked 
|  64|0x0000000709800000, 0x0000000709800000, 0x0000000709a00000|  0%| F|  |TAMS 0x0000000709800000, 0x0000000709800000| Untracked 
|  65|0x0000000709a00000, 0x0000000709a00000, 0x0000000709c00000|  0%| F|  |TAMS 0x0000000709a00000, 0x0000000709a00000| Untracked 
|  66|0x0000000709c00000, 0x0000000709c00000, 0x0000000709e00000|  0%| F|  |TAMS 0x0000000709c00000, 0x0000000709c00000| Untracked 
|  67|0x0000000709e00000, 0x0000000709e00000, 0x000000070a000000|  0%| F|  |TAMS 0x0000000709e00000, 0x0000000709e00000| Untracked 
|  68|0x000000070a000000, 0x000000070a000000, 0x000000070a200000|  0%| F|  |TAMS 0x000000070a000000, 0x000000070a000000| Untracked 
|  69|0x000000070a200000, 0x000000070a200000, 0x000000070a400000|  0%| F|  |TAMS 0x000000070a200000, 0x000000070a200000| Untracked 
|  70|0x000000070a400000, 0x000000070a400000, 0x000000070a600000|  0%| F|  |TAMS 0x000000070a400000, 0x000000070a400000| Untracked 
|  71|0x000000070a600000, 0x000000070a600000, 0x000000070a800000|  0%| F|  |TAMS 0x000000070a600000, 0x000000070a600000| Untracked 
|  72|0x000000070a800000, 0x000000070a800000, 0x000000070aa00000|  0%| F|  |TAMS 0x000000070a800000, 0x000000070a800000| Untracked 
|  73|0x000000070aa00000, 0x000000070aa00000, 0x000000070ac00000|  0%| F|  |TAMS 0x000000070aa00000, 0x000000070aa00000| Untracked 
|  74|0x000000070ac00000, 0x000000070ac00000, 0x000000070ae00000|  0%| F|  |TAMS 0x000000070ac00000, 0x000000070ac00000| Untracked 
|  75|0x000000070ae00000, 0x000000070ae00000, 0x000000070b000000|  0%| F|  |TAMS 0x000000070ae00000, 0x000000070ae00000| Untracked 
|  76|0x000000070b000000, 0x000000070b000000, 0x000000070b200000|  0%| F|  |TAMS 0x000000070b000000, 0x000000070b000000| Untracked 
|  77|0x000000070b200000, 0x000000070b200000, 0x000000070b400000|  0%| F|  |TAMS 0x000000070b200000, 0x000000070b200000| Untracked 
|  78|0x000000070b400000, 0x000000070b400000, 0x000000070b600000|  0%| F|  |TAMS 0x000000070b400000, 0x000000070b400000| Untracked 
|  79|0x000000070b600000, 0x000000070b600000, 0x000000070b800000|  0%| F|  |TAMS 0x000000070b600000, 0x000000070b600000| Untracked 
|  80|0x000000070b800000, 0x000000070b800000, 0x000000070ba00000|  0%| F|  |TAMS 0x000000070b800000, 0x000000070b800000| Untracked 
|  81|0x000000070ba00000, 0x000000070ba00000, 0x000000070bc00000|  0%| F|  |TAMS 0x000000070ba00000, 0x000000070ba00000| Untracked 
|  82|0x000000070bc00000, 0x000000070bc00000, 0x000000070be00000|  0%| F|  |TAMS 0x000000070bc00000, 0x000000070bc00000| Untracked 
|  83|0x000000070be00000, 0x000000070be00000, 0x000000070c000000|  0%| F|  |TAMS 0x000000070be00000, 0x000000070be00000| Untracked 
|  84|0x000000070c000000, 0x000000070c000000, 0x000000070c200000|  0%| F|  |TAMS 0x000000070c000000, 0x000000070c000000| Untracked 
|  85|0x000000070c200000, 0x000000070c200000, 0x000000070c400000|  0%| F|  |TAMS 0x000000070c200000, 0x000000070c200000| Untracked 
|  86|0x000000070c400000, 0x000000070c400000, 0x000000070c600000|  0%| F|  |TAMS 0x000000070c400000, 0x000000070c400000| Untracked 
|  87|0x000000070c600000, 0x000000070c600000, 0x000000070c800000|  0%| F|  |TAMS 0x000000070c600000, 0x000000070c600000| Untracked 
|  88|0x000000070c800000, 0x000000070c800000, 0x000000070ca00000|  0%| F|  |TAMS 0x000000070c800000, 0x000000070c800000| Untracked 
|  89|0x000000070ca00000, 0x000000070ca00000, 0x000000070cc00000|  0%| F|  |TAMS 0x000000070ca00000, 0x000000070ca00000| Untracked 
|  90|0x000000070cc00000, 0x000000070cc00000, 0x000000070ce00000|  0%| F|  |TAMS 0x000000070cc00000, 0x000000070cc00000| Untracked 
|  91|0x000000070ce00000, 0x000000070ce00000, 0x000000070d000000|  0%| F|  |TAMS 0x000000070ce00000, 0x000000070ce00000| Untracked 
|  92|0x000000070d000000, 0x000000070d000000, 0x000000070d200000|  0%| F|  |TAMS 0x000000070d000000, 0x000000070d000000| Untracked 
|  93|0x000000070d200000, 0x000000070d200000, 0x000000070d400000|  0%| F|  |TAMS 0x000000070d200000, 0x000000070d200000| Untracked 
|  94|0x000000070d400000, 0x000000070d400000, 0x000000070d600000|  0%| F|  |TAMS 0x000000070d400000, 0x000000070d400000| Untracked 
|  95|0x000000070d600000, 0x000000070d800000, 0x000000070d800000|100%| E|  |TAMS 0x000000070d600000, 0x000000070d600000| Complete 
|  96|0x000000070d800000, 0x000000070da00000, 0x000000070da00000|100%| E|CS|TAMS 0x000000070d800000, 0x000000070d800000| Complete 
|  97|0x000000070da00000, 0x000000070dc00000, 0x000000070dc00000|100%| E|CS|TAMS 0x000000070da00000, 0x000000070da00000| Complete 
|  98|0x000000070dc00000, 0x000000070de00000, 0x000000070de00000|100%| E|CS|TAMS 0x000000070dc00000, 0x000000070dc00000| Complete 
|  99|0x000000070de00000, 0x000000070e000000, 0x000000070e000000|100%| E|CS|TAMS 0x000000070de00000, 0x000000070de00000| Complete 
| 100|0x000000070e000000, 0x000000070e200000, 0x000000070e200000|100%| E|CS|TAMS 0x000000070e000000, 0x000000070e000000| Complete 
| 101|0x000000070e200000, 0x000000070e400000, 0x000000070e400000|100%| E|CS|TAMS 0x000000070e200000, 0x000000070e200000| Complete 
| 102|0x000000070e400000, 0x000000070e600000, 0x000000070e600000|100%| E|CS|TAMS 0x000000070e400000, 0x000000070e400000| Complete 
| 103|0x000000070e600000, 0x000000070e800000, 0x000000070e800000|100%| E|CS|TAMS 0x000000070e600000, 0x000000070e600000| Complete 
| 104|0x000000070e800000, 0x000000070ea00000, 0x000000070ea00000|100%| E|CS|TAMS 0x000000070e800000, 0x000000070e800000| Complete 
| 105|0x000000070ea00000, 0x000000070ec00000, 0x000000070ec00000|100%| E|CS|TAMS 0x000000070ea00000, 0x000000070ea00000| Complete 
| 106|0x000000070ec00000, 0x000000070ee00000, 0x000000070ee00000|100%| E|CS|TAMS 0x000000070ec00000, 0x000000070ec00000| Complete 
| 107|0x000000070ee00000, 0x000000070f000000, 0x000000070f000000|100%| E|CS|TAMS 0x000000070ee00000, 0x000000070ee00000| Complete 
| 108|0x000000070f000000, 0x000000070f200000, 0x000000070f200000|100%| E|CS|TAMS 0x000000070f000000, 0x000000070f000000| Complete 
| 109|0x000000070f200000, 0x000000070f400000, 0x000000070f400000|100%| E|CS|TAMS 0x000000070f200000, 0x000000070f200000| Complete 
| 110|0x000000070f400000, 0x000000070f600000, 0x000000070f600000|100%| E|CS|TAMS 0x000000070f400000, 0x000000070f400000| Complete 
| 111|0x000000070f600000, 0x000000070f800000, 0x000000070f800000|100%| E|CS|TAMS 0x000000070f600000, 0x000000070f600000| Complete 
| 112|0x000000070f800000, 0x000000070fa00000, 0x000000070fa00000|100%| E|CS|TAMS 0x000000070f800000, 0x000000070f800000| Complete 
| 113|0x000000070fa00000, 0x000000070fc00000, 0x000000070fc00000|100%| E|CS|TAMS 0x000000070fa00000, 0x000000070fa00000| Complete 
| 114|0x000000070fc00000, 0x000000070fe00000, 0x000000070fe00000|100%| E|CS|TAMS 0x000000070fc00000, 0x000000070fc00000| Complete 
| 115|0x000000070fe00000, 0x0000000710000000, 0x0000000710000000|100%| E|CS|TAMS 0x000000070fe00000, 0x000000070fe00000| Complete 
| 116|0x0000000710000000, 0x0000000710200000, 0x0000000710200000|100%| E|CS|TAMS 0x0000000710000000, 0x0000000710000000| Complete 
| 117|0x0000000710200000, 0x00000007103d95f8, 0x0000000710400000| 92%| S|CS|TAMS 0x0000000710200000, 0x0000000710200000| Complete 
| 118|0x0000000710400000, 0x0000000710600000, 0x0000000710600000|100%| S|CS|TAMS 0x0000000710400000, 0x0000000710400000| Complete 
| 119|0x0000000710600000, 0x0000000710800000, 0x0000000710800000|100%| E|CS|TAMS 0x0000000710600000, 0x0000000710600000| Complete 
| 120|0x0000000710800000, 0x0000000710a00000, 0x0000000710a00000|100%| E|CS|TAMS 0x0000000710800000, 0x0000000710800000| Complete 
| 121|0x0000000710a00000, 0x0000000710c00000, 0x0000000710c00000|100%| E|CS|TAMS 0x0000000710a00000, 0x0000000710a00000| Complete 
| 122|0x0000000710c00000, 0x0000000710e00000, 0x0000000710e00000|100%| E|CS|TAMS 0x0000000710c00000, 0x0000000710c00000| Complete 
| 123|0x0000000710e00000, 0x0000000711000000, 0x0000000711000000|100%| E|CS|TAMS 0x0000000710e00000, 0x0000000710e00000| Complete 
| 124|0x0000000711000000, 0x0000000711200000, 0x0000000711200000|100%| E|CS|TAMS 0x0000000711000000, 0x0000000711000000| Complete 
| 125|0x0000000711200000, 0x0000000711400000, 0x0000000711400000|100%| E|CS|TAMS 0x0000000711200000, 0x0000000711200000| Complete 
| 126|0x0000000711400000, 0x0000000711600000, 0x0000000711600000|100%| E|CS|TAMS 0x0000000711400000, 0x0000000711400000| Complete 
| 127|0x0000000711600000, 0x0000000711800000, 0x0000000711800000|100%| E|CS|TAMS 0x0000000711600000, 0x0000000711600000| Complete 

Card table byte_map: [0x0000000019bb0000,0x000000001a3b0000] _byte_map_base: 0x00000000163a4000

Marking Bits (Prev, Next): (CMBitMap*) 0x00000000003bf950, (CMBitMap*) 0x00000000003bf990
 Prev Bits: [0x000000001abb0000, 0x000000001eb50000)
 Next Bits: [0x000000001eb50000, 0x0000000022af0000)

Polling page: 0x0000000000140000

Metaspace:

Usage:
  Non-class:     14.18 MB used.
      Class:      2.21 MB used.
       Both:     16.38 MB used.

Virtual space:
  Non-class space:       16.00 MB reserved,      14.38 MB ( 90%) committed,  2 nodes.
      Class space:        1.00 GB reserved,       2.31 MB ( <1%) committed,  1 nodes.
             Both:        1.02 GB reserved,      16.69 MB (  2%) committed. 

Chunk freelists:
   Non-Class:  1.36 MB
       Class:  1.64 MB
        Both:  3.00 MB

MaxMetaspaceSize: unlimited
CompressedClassSpaceSize: 1.00 GB
Initial GC threshold: 21.00 MB
Current GC threshold: 21.00 MB
CDS: on
MetaspaceReclaimPolicy: balanced
 - commit_granule_bytes: 65536.
 - commit_granule_words: 8192.
 - virtual_space_node_default_size: 1048576.
 - enlarge_chunks_in_place: 1.
 - new_chunks_are_fully_committed: 0.
 - uncommit_free_chunks: 1.
 - use_allocation_guard: 0.
 - handle_deallocations: 1.


Internal statistics:

num_allocs_failed_limit: 0.
num_arena_births: 276.
num_arena_deaths: 0.
num_vsnodes_births: 3.
num_vsnodes_deaths: 0.
num_space_committed: 267.
num_space_uncommitted: 0.
num_chunks_returned_to_freelist: 0.
num_chunks_taken_from_freelist: 823.
num_chunk_merges: 0.
num_chunk_splits: 567.
num_chunks_enlarged: 435.
num_purges: 0.
num_inconsistent_stats: 0.

CodeHeap 'non-profiled nmethods': size=120000Kb used=1919Kb max_used=1919Kb free=118080Kb
 bounds [0x0000000011860000, 0x0000000011ad0000, 0x0000000018d90000]
CodeHeap 'profiled nmethods': size=120000Kb used=8082Kb max_used=8082Kb free=111917Kb
 bounds [0x000000000a330000, 0x000000000ab20000, 0x0000000011860000]
CodeHeap 'non-nmethods': size=5760Kb used=1424Kb max_used=1465Kb free=4335Kb
 bounds [0x0000000009d90000, 0x000000000a000000, 0x000000000a330000]
 total_blobs=4840 nmethods=4057 adapters=695
 compilation: enabled
              stopped_count=0, restarted_count=0
 full_count=0

Compilation events (20 events):
Event: 85.127 Thread 0x00000000256f3760 nmethod 4048 0x000000000ab0e810 code [0x000000000ab0ed20, 0x000000000ab11698]
Event: 85.135 Thread 0x00000000256f3760 4049       3       com.sun.javafx.geom.Shape::<init> (5 bytes)
Event: 85.135 Thread 0x00000000256f3760 nmethod 4049 0x000000000ab12c10 code [0x000000000ab12da0, 0x000000000ab12ef8]
Event: 85.154 Thread 0x00000000256f2db0 nmethod 4047 0x0000000011a38010 code [0x0000000011a38240, 0x0000000011a3a748]
Event: 86.568 Thread 0x00000000256f2db0 4050       4       com.sun.prism.d3d.D3DGraphics::create (55 bytes)
Event: 86.596 Thread 0x00000000256f2db0 nmethod 4050 0x0000000011a3b210 code [0x0000000011a3b480, 0x0000000011a3cd00]
Event: 86.852 Thread 0x00000000256f2db0 4051       4       com.sun.javafx.tk.quantum.QuantumToolkit$$Lambda$83/0x0000000800c38220::run (8 bytes)
Event: 86.853 Thread 0x00000000256f2db0 nmethod 4051 0x0000000011a3da10 code [0x0000000011a3dba0, 0x0000000011a3dc98]
Event: 87.512 Thread 0x00000000256f2db0 4052       4       com.sun.javafx.event.EventDispatchChainImpl::prepend (77 bytes)
Event: 87.519 Thread 0x00000000256f2db0 nmethod 4052 0x0000000011a3dd90 code [0x0000000011a3df40, 0x0000000011a3e8d8]
Event: 87.519 Thread 0x00000000256f2db0 4053       4       com.sun.javafx.event.EventDispatchChainImpl::ensureCapacity (89 bytes)
Event: 87.522 Thread 0x00000000256f2db0 nmethod 4053 0x0000000011a3ec10 code [0x0000000011a3eda0, 0x0000000011a3f298]
Event: 87.526 Thread 0x00000000256f2db0 4054       4       com.sun.javafx.tk.quantum.GlassViewEventHandler::mouseEventButton (60 bytes)
Event: 87.526 Thread 0x00000000256f2db0 nmethod 4054 0x0000000011a3f410 code [0x0000000011a3f580, 0x0000000011a3f618]
Event: 88.688 Thread 0x00000000256f3760 4055   !   3       com.sun.javafx.collections.VetoableListDecorator::add (61 bytes)
Event: 88.688 Thread 0x00000000256f3760 nmethod 4055 0x000000000ab12f90 code [0x000000000ab131a0, 0x000000000ab13b78]
Event: 88.689 Thread 0x00000000256f3760 4056       3       java.lang.Class::protectionDomain (48 bytes)
Event: 88.690 Thread 0x00000000256f3760 nmethod 4056 0x000000000ab13f10 code [0x000000000ab14140, 0x000000000ab147f8]
Event: 88.690 Thread 0x00000000256f3760 4058       1       com.sun.prism.d3d.D3DContext::getResourceFactory (5 bytes)
Event: 88.690 Thread 0x00000000256f3760 nmethod 4058 0x0000000011a3fb90 code [0x0000000011a3fd20, 0x0000000011a3fdf8]

GC Heap History (4 events):
Event: 0.487 GC heap before
{Heap before GC invocations=0 (full 0):
 garbage-first heap   total 262144K, used 12288K [0x0000000701800000, 0x0000000800000000)
  region size 2048K, 6 young (12288K), 0 survivors (0K)
 Metaspace       used 2499K, committed 2624K, reserved 1056768K
  class space    used 268K, committed 320K, reserved 1048576K
}
Event: 0.494 GC heap after
{Heap after GC invocations=1 (full 0):
 garbage-first heap   total 262144K, used 1782K [0x0000000701800000, 0x0000000800000000)
  region size 2048K, 1 young (2048K), 1 survivors (2048K)
 Metaspace       used 2499K, committed 2624K, reserved 1056768K
  class space    used 268K, committed 320K, reserved 1048576K
}
Event: 1.126 GC heap before
{Heap before GC invocations=1 (full 0):
 garbage-first heap   total 262144K, used 16118K [0x0000000701800000, 0x0000000800000000)
  region size 2048K, 9 young (18432K), 1 survivors (2048K)
 Metaspace       used 7856K, committed 8064K, reserved 1056768K
  class space    used 995K, committed 1088K, reserved 1048576K
}
Event: 1.131 GC heap after
{Heap after GC invocations=2 (full 0):
 garbage-first heap   total 262144K, used 3941K [0x0000000701800000, 0x0000000800000000)
  region size 2048K, 2 young (4096K), 2 survivors (4096K)
 Metaspace       used 7856K, committed 8064K, reserved 1056768K
  class space    used 995K, committed 1088K, reserved 1048576K
}

Deoptimization events (20 events):
Event: 31.453 Thread 0x00000000283639e0 DEOPT PACKING pc=0x00000000119c6498 sp=0x000000002f94f6b0
Event: 31.453 Thread 0x00000000283639e0 DEOPT UNPACKING pc=0x0000000009de23a3 sp=0x000000002f94f668 mode 2
Event: 55.636 Thread 0x0000000028131ba0 Uncommon trap: trap_request=0xffffff5c fr.pc=0x00000000119fe5d4 relative=0x0000000000000cd4
Event: 55.636 Thread 0x0000000028131ba0 Uncommon trap: reason=speculate_null_check action=make_not_entrant pc=0x00000000119fe5d4 method=java.util.concurrent.locks.AbstractQueuedSynchronizer.acquire(Ljava/util/concurrent/locks/AbstractQueuedSynchronizer$Node;IZZZJ)I @ 254 c2
Event: 55.636 Thread 0x0000000028131ba0 DEOPT PACKING pc=0x00000000119fe5d4 sp=0x0000000028d1e200
Event: 55.636 Thread 0x0000000028131ba0 DEOPT UNPACKING pc=0x0000000009de23a3 sp=0x0000000028d1e190 mode 2
Event: 56.558 Thread 0x00000000283639e0 DEOPT PACKING pc=0x000000000aa9bc0e sp=0x000000002f94f650
Event: 56.558 Thread 0x00000000283639e0 DEOPT UNPACKING pc=0x0000000009de2b43 sp=0x000000002f94eb58 mode 0
Event: 88.688 Thread 0x0000000028131ba0 Uncommon trap: trap_request=0xffffff45 fr.pc=0x0000000011a3a64c relative=0x000000000000240c
Event: 88.688 Thread 0x0000000028131ba0 Uncommon trap: reason=unstable_if action=reinterpret pc=0x0000000011a3a64c method=javafx.scene.Parent.updateCachedBounds(Ljava/util/List;I)Z @ 23 c2
Event: 88.688 Thread 0x0000000028131ba0 DEOPT PACKING pc=0x0000000011a3a64c sp=0x0000000028d1c9e0
Event: 88.688 Thread 0x0000000028131ba0 DEOPT UNPACKING pc=0x0000000009de23a3 sp=0x0000000028d1c960 mode 2
Event: 88.688 Thread 0x0000000028131ba0 Uncommon trap: trap_request=0xffffff45 fr.pc=0x00000000119e7b24 relative=0x0000000000000144
Event: 88.688 Thread 0x0000000028131ba0 Uncommon trap: reason=unstable_if action=reinterpret pc=0x00000000119e7b24 method=com.sun.javafx.geom.transform.Translate2D.equals(Ljava/lang/Object;)Z @ 40 c2
Event: 88.688 Thread 0x0000000028131ba0 DEOPT PACKING pc=0x00000000119e7b24 sp=0x0000000028d1cca0
Event: 88.688 Thread 0x0000000028131ba0 DEOPT UNPACKING pc=0x0000000009de23a3 sp=0x0000000028d1cb90 mode 2
Event: 88.688 Thread 0x0000000028131ba0 Uncommon trap: trap_request=0xffffff45 fr.pc=0x00000000119ec51c relative=0x000000000000083c
Event: 88.688 Thread 0x0000000028131ba0 Uncommon trap: reason=unstable_if action=reinterpret pc=0x00000000119ec51c method=com.sun.javafx.sg.prism.NGNode.setTransformedBounds(Lcom/sun/javafx/geom/BaseBounds;Z)V @ 83 c2
Event: 88.688 Thread 0x0000000028131ba0 DEOPT PACKING pc=0x00000000119ec51c sp=0x0000000028d1cc00
Event: 88.688 Thread 0x0000000028131ba0 DEOPT UNPACKING pc=0x0000000009de23a3 sp=0x0000000028d1cbf0 mode 2

Classes unloaded (0 events):
No events

Classes redefined (0 events):
No events

Internal exceptions (20 events):
Event: 1.485 Thread 0x0000000028131ba0 Exception <a 'java/lang/NoSuchMethodError'{0x0000000710be2ae8}: 'void java.lang.invoke.DirectMethodHandle$Holder.invokeSpecial(java.lang.Object, java.lang.Object, java.lang.Object, java.lang.Object, java.lang.Object)'> (0x0000000710be2ae8) 
thrown [t:\workspace\open\src\hotspot\share\interpreter\linkResolver.cpp, line 766]
Event: 1.507 Thread 0x0000000028131ba0 Exception <a 'java/lang/NoSuchMethodError'{0x00000007108b2178}: 'java.lang.Object java.lang.invoke.DirectMethodHandle$Holder.invokeInterface(java.lang.Object, java.lang.Object, java.lang.Object)'> (0x00000007108b2178) 
thrown [t:\workspace\open\src\hotspot\share\interpreter\linkResolver.cpp, line 766]
Event: 1.508 Thread 0x0000000028131ba0 Exception <a 'java/lang/IncompatibleClassChangeError'{0x00000007108b5b00}: Found class java.lang.Object, but interface was expected> (0x00000007108b5b00) 
thrown [t:\workspace\open\src\hotspot\share\interpreter\linkResolver.cpp, line 833]
Event: 1.605 Thread 0x0000000028131ba0 Exception <a 'java/lang/NoSuchMethodError'{0x00000007107ab820}: 'java.lang.Object java.lang.invoke.DirectMethodHandle$Holder.newInvokeSpecial(java.lang.Object, java.lang.Object, int)'> (0x00000007107ab820) 
thrown [t:\workspace\open\src\hotspot\share\interpreter\linkResolver.cpp, line 766]
Event: 1.626 Thread 0x0000000027ed47d0 Exception <a 'java/lang/NoSuchMethodError'{0x0000000710088100}: 'int java.lang.invoke.DirectMethodHandle$Holder.invokeStaticInit(java.lang.Object, java.lang.Object)'> (0x0000000710088100) 
thrown [t:\workspace\open\src\hotspot\share\interpreter\linkResolver.cpp, line 766]
Event: 4.598 Thread 0x0000000028131ba0 Exception <a 'java/lang/NoSuchMethodError'{0x000000070fd54d00}: 'long java.lang.invoke.DirectMethodHandle$Holder.invokeStatic(java.lang.Object, java.lang.Object, java.lang.Object)'> (0x000000070fd54d00) 
thrown [t:\workspace\open\src\hotspot\share\interpreter\linkResolver.cpp, line 766]
Event: 4.599 Thread 0x0000000028131ba0 Exception <a 'java/lang/NoSuchMethodError'{0x000000070fd584a8}: 'long java.lang.invoke.DirectMethodHandle$Holder.invokeStaticInit(java.lang.Object, java.lang.Object, java.lang.Object)'> (0x000000070fd584a8) 
thrown [t:\workspace\open\src\hotspot\share\interpreter\linkResolver.cpp, line 766]
Event: 4.602 Thread 0x0000000028131ba0 Exception <a 'java/lang/NoSuchMethodError'{0x000000070fd700b0}: 'java.lang.Object java.lang.invoke.DirectMethodHandle$Holder.newInvokeSpecial(java.lang.Object, java.lang.Object, long)'> (0x000000070fd700b0) 
thrown [t:\workspace\open\src\hotspot\share\interpreter\linkResolver.cpp, line 766]
Event: 4.602 Thread 0x0000000028131ba0 Exception <a 'java/lang/NoSuchMethodError'{0x000000070fd73c20}: 'java.lang.Object java.lang.invoke.Invokers$Holder.linkToTargetMethod(java.lang.Object, long, java.lang.Object)'> (0x000000070fd73c20) 
thrown [t:\workspace\open\src\hotspot\share\interpreter\linkResolver.cpp, line 766]
Event: 4.759 Thread 0x0000000028131ba0 Exception <a 'java/lang/NoSuchMethodError'{0x000000070f659430}: 'void java.lang.invoke.DirectMethodHandle$Holder.invokeSpecial(java.lang.Object, java.lang.Object, java.lang.Object, java.lang.Object, java.lang.Object, java.lang.Object)'> (0x000000070f659430) 
thrown [t:\workspace\open\src\hotspot\share\interpreter\linkResolver.cpp, line 766]
Event: 8.154 Thread 0x0000000028131ba0 Implicit null exception at 0x000000001194ab83 to 0x000000001194ac00
Event: 8.155 Thread 0x0000000028131ba0 Exception <a 'java/lang/NoSuchMethodError'{0x000000070f152650}: 'java.lang.Object java.lang.invoke.DirectMethodHandle$Holder.newInvokeSpecial(java.lang.Object, java.lang.Object, int, int, int, int, int, java.lang.Object)'> (0x000000070f152650) 
thrown [t:\workspace\open\src\hotspot\share\interpreter\linkResolver.cpp, line 766]
Event: 8.156 Thread 0x0000000028131ba0 Exception <a 'java/lang/NoSuchMethodError'{0x000000070f165630}: 'java.lang.Object java.lang.invoke.DirectMethodHandle$Holder.newInvokeSpecial(java.lang.Object, java.lang.Object, java.lang.Object, int, int, int, int, int)'> (0x000000070f165630) 
thrown [t:\workspace\open\src\hotspot\share\interpreter\linkResolver.cpp, line 766]
Event: 8.157 Thread 0x0000000028131ba0 Exception <a 'java/lang/NoSuchMethodError'{0x000000070f16ce90}: 'java.lang.Object java.lang.invoke.Invokers$Holder.linkToTargetMethod(java.lang.Object, java.lang.Object, int, int, int, int, int, java.lang.Object)'> (0x000000070f16ce90) 
thrown [t:\workspace\open\src\hotspot\share\interpreter\linkResolver.cpp, line 766]
Event: 14.042 Thread 0x0000000028363eb0 Exception <a 'java/lang/NoSuchMethodError'{0x000000070ed16730}: 'java.lang.Object java.lang.invoke.Invokers$Holder.linkToTargetMethod(java.lang.Object, int, java.lang.Object, java.lang.Object, java.lang.Object, java.lang.Object)'> (0x000000070ed16730) 
thrown [t:\workspace\open\src\hotspot\share\interpreter\linkResolver.cpp, line 766]
Event: 14.662 Thread 0x0000000028131ba0 Exception <a 'java/lang/NoSuchMethodError'{0x000000070edb8218}: 'void java.lang.invoke.DirectMethodHandle$Holder.invokeSpecial(java.lang.Object, java.lang.Object, int, int)'> (0x000000070edb8218) 
thrown [t:\workspace\open\src\hotspot\share\interpreter\linkResolver.cpp, line 766]
Event: 14.662 Thread 0x0000000028131ba0 Exception <a 'java/lang/NoSuchMethodError'{0x000000070edbe998}: 'java.lang.Object java.lang.invoke.DirectMethodHandle$Holder.newInvokeSpecial(java.lang.Object, java.lang.Object, int, int)'> (0x000000070edbe998) 
thrown [t:\workspace\open\src\hotspot\share\interpreter\linkResolver.cpp, line 766]
Event: 18.104 Thread 0x0000000028363eb0 Exception <a 'java/lang/NoSuchMethodError'{0x000000070ed206a8}: 'java.lang.Object java.lang.invoke.DirectMethodHandle$Holder.newInvokeSpecial(java.lang.Object, int, java.lang.Object, java.lang.Object)'> (0x000000070ed206a8) 
thrown [t:\workspace\open\src\hotspot\share\interpreter\linkResolver.cpp, line 766]
Event: 18.104 Thread 0x0000000028363eb0 Exception <a 'java/lang/NoSuchMethodError'{0x000000070ed24508}: 'java.lang.Object java.lang.invoke.DirectMethodHandle$Holder.invokeSpecial(java.lang.Object, java.lang.Object, int, java.lang.Object, java.lang.Object)'> (0x000000070ed24508) 
thrown [t:\workspace\open\src\hotspot\share\interpreter\linkResolver.cpp, line 766]
Event: 88.688 Thread 0x0000000028131ba0 Implicit null exception at 0x0000000011a382c1 to 0x0000000011a3a62c

VM Operations (20 events):
Event: 64.022 Executing VM operation: Cleanup
Event: 64.022 Executing VM operation: Cleanup done
Event: 67.022 Executing VM operation: Cleanup
Event: 67.023 Executing VM operation: Cleanup done
Event: 69.023 Executing VM operation: Cleanup
Event: 69.023 Executing VM operation: Cleanup done
Event: 71.023 Executing VM operation: Cleanup
Event: 71.023 Executing VM operation: Cleanup done
Event: 73.023 Executing VM operation: Cleanup
Event: 73.023 Executing VM operation: Cleanup done
Event: 75.023 Executing VM operation: Cleanup
Event: 75.023 Executing VM operation: Cleanup done
Event: 76.023 Executing VM operation: Cleanup
Event: 76.023 Executing VM operation: Cleanup done
Event: 78.023 Executing VM operation: Cleanup
Event: 78.023 Executing VM operation: Cleanup done
Event: 81.023 Executing VM operation: Cleanup
Event: 81.023 Executing VM operation: Cleanup done
Event: 86.023 Executing VM operation: Cleanup
Event: 86.023 Executing VM operation: Cleanup done

Events (20 events):
Event: 59.556 Thread 0x00000000272138c0 Thread added: 0x00000000272138c0
Event: 60.801 Thread 0x0000000027349d30 Thread added: 0x0000000027349d30
Event: 62.539 Thread 0x0000000027212580 Thread exited: 0x0000000027212580
Event: 63.785 Thread 0x0000000027212580 Thread added: 0x0000000027212580
Event: 69.941 Thread 0x0000000027212a50 Thread exited: 0x0000000027212a50
Event: 71.169 Thread 0x0000000027212a50 Thread added: 0x0000000027212a50
Event: 71.540 Thread 0x0000000028363eb0 Thread exited: 0x0000000028363eb0
Event: 72.769 Thread 0x0000000028363eb0 Thread added: 0x0000000028363eb0
Event: 73.542 Thread 0x0000000027212f20 Thread exited: 0x0000000027212f20
Event: 74.769 Thread 0x0000000027212f20 Thread added: 0x0000000027212f20
Event: 75.142 Thread 0x0000000028364850 Thread exited: 0x0000000028364850
Event: 76.369 Thread 0x0000000028364850 Thread added: 0x0000000028364850
Event: 78.971 Thread 0x00000000272133f0 Thread exited: 0x00000000272133f0
Event: 80.218 Thread 0x00000000272133f0 Thread added: 0x00000000272133f0
Event: 80.272 Thread 0x0000000027349d30 Thread exited: 0x0000000027349d30
Event: 81.503 Thread 0x0000000027349d30 Thread added: 0x0000000027349d30
Event: 82.572 Thread 0x0000000027212580 Thread exited: 0x0000000027212580
Event: 83.819 Thread 0x0000000027212580 Thread added: 0x0000000027212580
Event: 83.876 Thread 0x00000000272138c0 Thread exited: 0x00000000272138c0
Event: 85.120 Thread 0x00000000272138c0 Thread added: 0x00000000272138c0


Dynamic libraries:
0x000000013f0f0000 - 0x000000013f0fe000 	E:\Users\User\.jdks\openjdk-17.0.1\bin\java.exe
0x0000000077b90000 - 0x0000000077d2f000 	C:\Windows\SYSTEM32\ntdll.dll
0x0000000077970000 - 0x0000000077a8f000 	C:\Windows\system32\kernel32.dll
0x000007fefd740000 - 0x000007fefd7aa000 	C:\Windows\system32\KERNELBASE.dll
0x000007fef64b0000 - 0x000007fef64c8000 	E:\Users\User\.jdks\openjdk-17.0.1\bin\jli.dll
0x000007fefb350000 - 0x000007fefb544000 	C:\Windows\WinSxS\amd64_microsoft.windows.common-controls_6595b64144ccf1df_6.0.7601.18837_none_fa3b1e3d17594757\COMCTL32.dll
0x000007feff130000 - 0x000007feff1cf000 	C:\Windows\system32\msvcrt.dll
0x000007feffcf0000 - 0x000007feffd57000 	C:\Windows\system32\GDI32.dll
0x0000000077a90000 - 0x0000000077b8a000 	C:\Windows\system32\USER32.dll
0x000007feff6e0000 - 0x000007feff6ee000 	C:\Windows\system32\LPK.dll
0x000007fefe830000 - 0x000007fefe8fb000 	C:\Windows\system32\USP10.dll
0x000007feffe00000 - 0x000007feffe71000 	C:\Windows\system32\SHLWAPI.dll
0x000007fef64f0000 - 0x000007fef650a000 	E:\Users\User\.jdks\openjdk-17.0.1\bin\VCRUNTIME140.dll
0x000007fef6370000 - 0x000007fef6374000 	E:\Users\User\.jdks\openjdk-17.0.1\bin\api-ms-win-crt-runtime-l1-1-0.dll
0x000007fef5e40000 - 0x000007fef5f3a000 	E:\Users\User\.jdks\openjdk-17.0.1\bin\ucrtbase.DLL
0x000007fef64a0000 - 0x000007fef64a3000 	E:\Users\User\.jdks\openjdk-17.0.1\bin\api-ms-win-core-localization-l1-2-0.dll
0x000007fef6250000 - 0x000007fef6253000 	E:\Users\User\.jdks\openjdk-17.0.1\bin\api-ms-win-core-processthreads-l1-1-1.dll
0x000007fef6360000 - 0x000007fef6363000 	E:\Users\User\.jdks\openjdk-17.0.1\bin\api-ms-win-core-file-l1-2-0.dll
0x000007fef6220000 - 0x000007fef6223000 	E:\Users\User\.jdks\openjdk-17.0.1\bin\api-ms-win-core-timezone-l1-1-0.dll
0x000007fef6230000 - 0x000007fef6233000 	E:\Users\User\.jdks\openjdk-17.0.1\bin\api-ms-win-core-file-l2-1-0.dll
0x000007fef61e0000 - 0x000007fef61e3000 	E:\Users\User\.jdks\openjdk-17.0.1\bin\api-ms-win-core-synch-l1-2-0.dll
0x000007fef61d0000 - 0x000007fef61d3000 	E:\Users\User\.jdks\openjdk-17.0.1\bin\api-ms-win-crt-heap-l1-1-0.dll
0x000007fef6030000 - 0x000007fef6034000 	E:\Users\User\.jdks\openjdk-17.0.1\bin\api-ms-win-crt-string-l1-1-0.dll
0x000007fef6020000 - 0x000007fef6024000 	E:\Users\User\.jdks\openjdk-17.0.1\bin\api-ms-win-crt-stdio-l1-1-0.dll
0x000007fef6010000 - 0x000007fef6014000 	E:\Users\User\.jdks\openjdk-17.0.1\bin\api-ms-win-crt-convert-l1-1-0.dll
0x000007fef6000000 - 0x000007fef6003000 	E:\Users\User\.jdks\openjdk-17.0.1\bin\api-ms-win-crt-environment-l1-1-0.dll
0x000007fef5ff0000 - 0x000007fef5ff3000 	E:\Users\User\.jdks\openjdk-17.0.1\bin\api-ms-win-crt-filesystem-l1-1-0.dll
0x000007fef5fe0000 - 0x000007fef5fe5000 	E:\Users\User\.jdks\openjdk-17.0.1\bin\api-ms-win-crt-math-l1-1-0.dll
0x000007fef5fd0000 - 0x000007fef5fd3000 	E:\Users\User\.jdks\openjdk-17.0.1\bin\api-ms-win-crt-locale-l1-1-0.dll
0x000007fefef70000 - 0x000007fefef9e000 	C:\Windows\system32\IMM32.DLL
0x000007feff6f0000 - 0x000007feff7f9000 	C:\Windows\system32\MSCTF.dll
0x000007fef5fb0000 - 0x000007fef5fbc000 	E:\Users\User\.jdks\openjdk-17.0.1\bin\vcruntime140_1.dll
0x000007fef5d20000 - 0x000007fef5dad000 	E:\Users\User\.jdks\openjdk-17.0.1\bin\msvcp140.dll
0x000007fef5fc0000 - 0x000007fef5fc3000 	E:\Users\User\.jdks\openjdk-17.0.1\bin\api-ms-win-crt-time-l1-1-0.dll
0x000007fef5f90000 - 0x000007fef5f93000 	E:\Users\User\.jdks\openjdk-17.0.1\bin\api-ms-win-crt-utility-l1-1-0.dll
0x000007febd4f0000 - 0x000007febe0ae000 	E:\Users\User\.jdks\openjdk-17.0.1\bin\server\jvm.dll
0x000007fefe9a0000 - 0x000007fefea7b000 	C:\Windows\system32\ADVAPI32.dll
0x000007fefe980000 - 0x000007fefe99f000 	C:\Windows\SYSTEM32\sechost.dll
0x000007feffbc0000 - 0x000007feffced000 	C:\Windows\system32\RPCRT4.dll
0x000007fedc600000 - 0x000007fedc609000 	C:\Windows\system32\WSOCK32.dll
0x000007feff800000 - 0x000007feff84d000 	C:\Windows\system32\WS2_32.dll
0x000007fefea80000 - 0x000007fefea88000 	C:\Windows\system32\NSI.dll
0x000007fef84c0000 - 0x000007fef84fb000 	C:\Windows\system32\WINMM.dll
0x000007fefc900000 - 0x000007fefc90c000 	C:\Windows\system32\VERSION.dll
0x0000000077d40000 - 0x0000000077d47000 	C:\Windows\system32\PSAPI.DLL
0x000007fef5fa0000 - 0x000007fef5faa000 	E:\Users\User\.jdks\openjdk-17.0.1\bin\jimage.dll
0x000007fef6650000 - 0x000007fef6775000 	C:\Windows\system32\DBGHELP.DLL
0x000007fef5f50000 - 0x000007fef5f5e000 	E:\Users\User\.jdks\openjdk-17.0.1\bin\instrument.dll
0x000007fef5f60000 - 0x000007fef5f85000 	E:\Users\User\.jdks\openjdk-17.0.1\bin\java.dll
0x000007fef5130000 - 0x000007fef5206000 	E:\Users\User\.jdks\openjdk-17.0.1\bin\svml.dll
0x000007fefdaa0000 - 0x000007fefe82a000 	C:\Windows\system32\SHELL32.dll
0x000007fefea90000 - 0x000007fefec8d000 	C:\Windows\system32\ole32.dll
0x000007fefd6f0000 - 0x000007fefd6ff000 	C:\Windows\system32\profapi.dll
0x000007fef5e20000 - 0x000007fef5e39000 	E:\Users\User\.jdks\openjdk-17.0.1\bin\net.dll
0x000007fefb550000 - 0x000007fefb5c1000 	C:\Windows\system32\WINHTTP.dll
0x000007fefb2e0000 - 0x000007fefb345000 	C:\Windows\system32\webio.dll
0x000007fefce70000 - 0x000007fefcec5000 	C:\Windows\system32\mswsock.dll
0x000007fefce60000 - 0x000007fefce67000 	C:\Windows\System32\wship6.dll
0x000007fef5e00000 - 0x000007fef5e15000 	E:\Users\User\.jdks\openjdk-17.0.1\bin\nio.dll
0x000007fef5de0000 - 0x000007fef5df8000 	E:\Users\User\.jdks\openjdk-17.0.1\bin\zip.dll
0x000007fef5dc0000 - 0x000007fef5dda000 	E:\Program Files\JetBrains\IntelliJ IDEA 2021.2.3\bin\breakgen64.dll
0x000007fef5db0000 - 0x000007fef5db3000 	C:\Users\User\.openjfx\cache\17.0.0.1\api-ms-win-core-console-l1-1-0.dll
0x000007fef5d10000 - 0x000007fef5d13000 	C:\Users\User\.openjfx\cache\17.0.0.1\api-ms-win-core-console-l1-2-0.dll
0x000007fef5d00000 - 0x000007fef5d03000 	C:\Users\User\.openjfx\cache\17.0.0.1\api-ms-win-core-datetime-l1-1-0.dll
0x000007fef5cf0000 - 0x000007fef5cf3000 	C:\Users\User\.openjfx\cache\17.0.0.1\api-ms-win-core-debug-l1-1-0.dll
0x000007fef5ce0000 - 0x000007fef5ce3000 	C:\Users\User\.openjfx\cache\17.0.0.1\api-ms-win-core-errorhandling-l1-1-0.dll
0x000007fef5cd0000 - 0x000007fef5cd4000 	C:\Users\User\.openjfx\cache\17.0.0.1\api-ms-win-core-file-l1-1-0.dll
0x000007fef5cc0000 - 0x000007fef5cc3000 	C:\Users\User\.openjfx\cache\17.0.0.1\api-ms-win-core-file-l1-2-0.dll
0x000007fef5cb0000 - 0x000007fef5cb3000 	C:\Users\User\.openjfx\cache\17.0.0.1\api-ms-win-core-file-l2-1-0.dll
0x000007fef5ca0000 - 0x000007fef5ca3000 	C:\Users\User\.openjfx\cache\17.0.0.1\api-ms-win-core-handle-l1-1-0.dll
0x000007fef5c90000 - 0x000007fef5c93000 	C:\Users\User\.openjfx\cache\17.0.0.1\api-ms-win-core-heap-l1-1-0.dll
0x000007fef5c80000 - 0x000007fef5c83000 	C:\Users\User\.openjfx\cache\17.0.0.1\api-ms-win-core-interlocked-l1-1-0.dll
0x000007fef5c60000 - 0x000007fef5c63000 	C:\Users\User\.openjfx\cache\17.0.0.1\api-ms-win-core-libraryloader-l1-1-0.dll
0x000007fef5c20000 - 0x000007fef5c23000 	C:\Users\User\.openjfx\cache\17.0.0.1\api-ms-win-core-localization-l1-2-0.dll
0x000007fef5b90000 - 0x000007fef5b93000 	C:\Users\User\.openjfx\cache\17.0.0.1\api-ms-win-core-memory-l1-1-0.dll
0x000007fef5b80000 - 0x000007fef5b83000 	C:\Users\User\.openjfx\cache\17.0.0.1\api-ms-win-core-namedpipe-l1-1-0.dll
0x000007fef5b70000 - 0x000007fef5b73000 	C:\Users\User\.openjfx\cache\17.0.0.1\api-ms-win-core-processenvironment-l1-1-0.dll
0x000007fef5b60000 - 0x000007fef5b63000 	C:\Users\User\.openjfx\cache\17.0.0.1\api-ms-win-core-processthreads-l1-1-0.dll
0x000007fef5b50000 - 0x000007fef5b53000 	C:\Users\User\.openjfx\cache\17.0.0.1\api-ms-win-core-processthreads-l1-1-1.dll
0x000007fef5b40000 - 0x000007fef5b43000 	C:\Users\User\.openjfx\cache\17.0.0.1\api-ms-win-core-profile-l1-1-0.dll
0x000007fef5ab0000 - 0x000007fef5ab3000 	C:\Users\User\.openjfx\cache\17.0.0.1\api-ms-win-core-rtlsupport-l1-1-0.dll
0x000007fef5aa0000 - 0x000007fef5aa3000 	C:\Users\User\.openjfx\cache\17.0.0.1\api-ms-win-core-string-l1-1-0.dll
0x000007fef5a90000 - 0x000007fef5a93000 	C:\Users\User\.openjfx\cache\17.0.0.1\api-ms-win-core-synch-l1-1-0.dll
0x000007fef5a80000 - 0x000007fef5a83000 	C:\Users\User\.openjfx\cache\17.0.0.1\api-ms-win-core-synch-l1-2-0.dll
0x000007fef5a70000 - 0x000007fef5a73000 	C:\Users\User\.openjfx\cache\17.0.0.1\api-ms-win-core-sysinfo-l1-1-0.dll
0x000007fef5a60000 - 0x000007fef5a63000 	C:\Users\User\.openjfx\cache\17.0.0.1\api-ms-win-core-timezone-l1-1-0.dll
0x000007fef5a50000 - 0x000007fef5a53000 	C:\Users\User\.openjfx\cache\17.0.0.1\api-ms-win-core-util-l1-1-0.dll
0x000007fef5a40000 - 0x000007fef5a43000 	C:\Users\User\.openjfx\cache\17.0.0.1\api-ms-win-crt-conio-l1-1-0.dll
0x000007fef59b0000 - 0x000007fef59b4000 	C:\Users\User\.openjfx\cache\17.0.0.1\api-ms-win-crt-convert-l1-1-0.dll
0x000007fef59a0000 - 0x000007fef59a3000 	C:\Users\User\.openjfx\cache\17.0.0.1\api-ms-win-crt-environment-l1-1-0.dll
0x000007fef5990000 - 0x000007fef5993000 	C:\Users\User\.openjfx\cache\17.0.0.1\api-ms-win-crt-filesystem-l1-1-0.dll
0x000007fef5980000 - 0x000007fef5983000 	C:\Users\User\.openjfx\cache\17.0.0.1\api-ms-win-crt-heap-l1-1-0.dll
0x000007fef5970000 - 0x000007fef5973000 	C:\Users\User\.openjfx\cache\17.0.0.1\api-ms-win-crt-locale-l1-1-0.dll
0x000007fef5960000 - 0x000007fef5965000 	C:\Users\User\.openjfx\cache\17.0.0.1\api-ms-win-crt-math-l1-1-0.dll
0x000007fef5950000 - 0x000007fef5955000 	C:\Users\User\.openjfx\cache\17.0.0.1\api-ms-win-crt-multibyte-l1-1-0.dll
0x000007fef5940000 - 0x000007fef5950000 	C:\Users\User\.openjfx\cache\17.0.0.1\api-ms-win-crt-private-l1-1-0.dll
0x000007fef5930000 - 0x000007fef5933000 	C:\Users\User\.openjfx\cache\17.0.0.1\api-ms-win-crt-process-l1-1-0.dll
0x000007fef5920000 - 0x000007fef5924000 	C:\Users\User\.openjfx\cache\17.0.0.1\api-ms-win-crt-runtime-l1-1-0.dll
0x000007fef5120000 - 0x000007fef5124000 	C:\Users\User\.openjfx\cache\17.0.0.1\api-ms-win-crt-stdio-l1-1-0.dll
0x000007fef5110000 - 0x000007fef5114000 	C:\Users\User\.openjfx\cache\17.0.0.1\api-ms-win-crt-string-l1-1-0.dll
0x000007fef5100000 - 0x000007fef5103000 	C:\Users\User\.openjfx\cache\17.0.0.1\api-ms-win-crt-time-l1-1-0.dll
0x000007fef50f0000 - 0x000007fef50f3000 	C:\Users\User\.openjfx\cache\17.0.0.1\api-ms-win-crt-utility-l1-1-0.dll
0x000007fedbbc0000 - 0x000007fedbcbc000 	C:\Users\User\.openjfx\cache\17.0.0.1\ucrtbase.dll
0x000007fef50c0000 - 0x000007fef50da000 	C:\Users\User\.openjfx\cache\17.0.0.1\vcruntime140.dll
0x000007fef50b0000 - 0x000007fef50bc000 	C:\Users\User\.openjfx\cache\17.0.0.1\vcruntime140_1.dll
0x000007fedd8a0000 - 0x000007fedd92d000 	C:\Users\User\.openjfx\cache\17.0.0.1\msvcp140.dll
0x000007fef5080000 - 0x000007fef50aa000 	C:\Users\User\.openjfx\cache\17.0.0.1\prism_d3d.dll
0x000007fef4ca0000 - 0x000007fef4e9f000 	C:\Windows\system32\d3d9.dll
0x000007fefaa60000 - 0x000007fefaa67000 	C:\Windows\system32\d3d8thk.dll
0x000007fefac20000 - 0x000007fefac38000 	C:\Windows\system32\dwmapi.dll
0x000007fefae00000 - 0x000007fefae56000 	C:\Windows\system32\uxtheme.dll
0x000007febbcc0000 - 0x000007febd4ed000 	C:\Windows\system32\nvd3dumx.dll
0x000007fedbaf0000 - 0x000007fedbb32000 	C:\Users\User\.openjfx\cache\17.0.0.1\glass.dll
0x000007feffd60000 - 0x000007feffdf7000 	C:\Windows\system32\COMDLG32.dll
0x000007fefec90000 - 0x000007fefed6a000 	C:\Windows\system32\OLEAUT32.dll
0x000007fefd580000 - 0x000007fefd58f000 	C:\Windows\system32\CRYPTBASE.dll
0x000007fefd6e0000 - 0x000007fefd6ef000 	C:\Windows\system32\msasn1.dll
0x000007fefc8d0000 - 0x000007fefc8f7000 	C:\Windows\system32\cryptnet.dll
0x000007fefd900000 - 0x000007fefda6d000 	C:\Windows\system32\CRYPT32.dll
0x000007feff1d0000 - 0x000007feff222000 	C:\Windows\system32\WLDAP32.dll
0x000007fefb630000 - 0x000007fefb69b000 	C:\Windows\system32\drvstore.dll
0x000007fefd7c0000 - 0x000007fefd7da000 	C:\Windows\system32\devobj.dll
0x000007fefd8c0000 - 0x000007fefd8f6000 	C:\Windows\system32\CFGMGR32.dll
0x000007fed4820000 - 0x000007fed4ae5000 	C:\Windows\system32\nvspcap64.dll
0x000007fefc910000 - 0x000007fefc93d000 	C:\Windows\system32\ntmarta.dll
0x000007fefd7e0000 - 0x000007fefd81b000 	C:\Windows\system32\WINTRUST.DLL
0x000007fefed70000 - 0x000007fefed89000 	C:\Windows\system32\imagehlp.dll
0x000007fefced0000 - 0x000007fefcee8000 	C:\Windows\system32\CRYPTSP.dll

dbghelp: loaded successfully - version: 4.0.5 - missing functions: none
symbol engine: initialized successfully - sym options: 0x614 - pdb path: .;E:\Users\User\.jdks\openjdk-17.0.1\bin;C:\Windows\SYSTEM32;C:\Windows\WinSxS\amd64_microsoft.windows.common-controls_6595b64144ccf1df_6.0.7601.18837_none_fa3b1e3d17594757;E:\Users\User\.jdks\openjdk-17.0.1\bin\server;E:\Program Files\JetBrains\IntelliJ IDEA 2021.2.3\bin;C:\Users\User\.openjfx\cache\17.0.0.1;C:\Users\User\AppData\Local\Microsoft\OneDrive\21.180.0905.0007\amd64;C:\Program Files\Common Files\Microsoft Shared\Ink;C:\Users\User\AppData\Local\Discord\app-1.0.9003\modules\discord_hook-1\discord_hook\2b6f62ed4f4

VM Arguments:
jvm_args: -javaagent:E:\Program Files\JetBrains\IntelliJ IDEA 2021.2.3\lib\idea_rt.jar=54471:E:\Program Files\JetBrains\IntelliJ IDEA 2021.2.3\bin -Dfile.encoding=UTF-8 --module-path=C:\Users\User\.m2\repository\org\openjfx\javafx-graphics\17.0.0.1\javafx-graphics-17.0.0.1-win.jar;C:\Users\User\.m2\repository\org\openjfx\javafx-base\17.0.0.1\javafx-base-17.0.0.1-win.jar;E:\OH NO HE IS HOT\programowanie wspó³bie¿ne\Projekt\target\classes;C:\Users\User\.m2\repository\org\openjfx\javafx-controls\17.0.0.1\javafx-controls-17.0.0.1-win.jar;C:\Users\User\.m2\repository\org\openjfx\javafx-fxml\17.0.0.1\javafx-fxml-17.0.0.1-win.jar -Djdk.module.main=com.example.projekt 
java_command: com.example.projekt/com.example.projekt.main
java_class_path (initial): C:\Users\User\.m2\repository\org\openjfx\javafx-controls\17.0.0.1\javafx-controls-17.0.0.1.jar;C:\Users\User\.m2\repository\org\openjfx\javafx-graphics\17.0.0.1\javafx-graphics-17.0.0.1.jar;C:\Users\User\.m2\repository\org\openjfx\javafx-base\17.0.0.1\javafx-base-17.0.0.1.jar;C:\Users\User\.m2\repository\org\openjfx\javafx-fxml\17.0.0.1\javafx-fxml-17.0.0.1.jar
Launcher Type: SUN_STANDARD

[Global flags]
     intx CICompilerCount                          = 3                                         {product} {ergonomic}
     uint ConcGCThreads                            = 1                                         {product} {ergonomic}
     uint G1ConcRefinementThreads                  = 4                                         {product} {ergonomic}
   size_t G1HeapRegionSize                         = 2097152                                   {product} {ergonomic}
    uintx GCDrainStackTargetSize                   = 64                                        {product} {ergonomic}
   size_t InitialHeapSize                          = 268435456                                 {product} {ergonomic}
   size_t MarkStackSize                            = 4194304                                   {product} {ergonomic}
   size_t MaxHeapSize                              = 4269801472                                {product} {ergonomic}
   size_t MaxNewSize                               = 2560622592                                {product} {ergonomic}
   size_t MinHeapDeltaBytes                        = 2097152                                   {product} {ergonomic}
   size_t MinHeapSize                              = 8388608                                   {product} {ergonomic}
    uintx NonNMethodCodeHeapSize                   = 5832780                                {pd product} {ergonomic}
    uintx NonProfiledCodeHeapSize                  = 122912730                              {pd product} {ergonomic}
    uintx ProfiledCodeHeapSize                     = 122912730                              {pd product} {ergonomic}
    uintx ReservedCodeCacheSize                    = 251658240                              {pd product} {ergonomic}
     bool SegmentedCodeCache                       = true                                      {product} {ergonomic}
   size_t SoftMaxHeapSize                          = 4269801472                             {manageable} {ergonomic}
     bool UseCompressedClassPointers               = true                           {product lp64_product} {ergonomic}
     bool UseCompressedOops                        = true                           {product lp64_product} {ergonomic}
     bool UseG1GC                                  = true                                      {product} {ergonomic}
     bool UseLargePagesIndividualAllocation        = false                                  {pd product} {ergonomic}

Logging:
Log output configuration:
 #0: stdout all=warning uptime,level,tags
 #1: stderr all=off uptime,level,tags

Environment Variables:
PATH=C:\ProgramData\Oracle\Java\javapath;E:\PROGRA~1\Borland\CBUILD~1\Bin;E:\PROGRA~1\Borland\CBUILD~1\Projects\Bpl;C:\Program Files (x86)\Razer Chroma SDK\bin;C:\Program Files\Razer Chroma SDK\bin;C:\Program Files (x86)\Intel\iCLS Client\;C:\Program Files\Intel\iCLS Client\;C:\Windows\system32;C:\Windows;C:\Windows\System32\Wbem;C:\Windows\System32\WindowsPowerShell\v1.0\;C:\Program Files\Intel\Intel(R) Management Engine Components\DAL;C:\Program Files\Intel\Intel(R) Management Engine Components\IPT;C:\Program Files (x86)\Intel\Intel(R) Management Engine Components\DAL;C:\Program Files (x86)\Intel\Intel(R) Management Engine Components\IPT;;C:\Program Files\NVIDIA Corporation\NVIDIA NvDLISR;C:\Program Files (x86)\NVIDIA Corporation\PhysX\Common;C:\Program Files\Microsoft SQL Server\130\Tools\Binn\
USERNAME=User
OS=Windows_NT
PROCESSOR_IDENTIFIER=Intel64 Family 6 Model 60 Stepping 3, GenuineIntel



---------------  S Y S T E M  ---------------

OS:
 Windows 7 , 64 bit Build 7601 (6.1.7601.24231)
OS uptime: 0 days 5:09 hours

CPU: total 4 (initial active 4) (4 cores per cpu, 1 threads per core) family 6 model 60 stepping 3 microcode 0x0, cx8, cmov, fxsr, mmx, sse, sse2, sse3, ssse3, sse4.1, sse4.2, popcnt, lzcnt, tsc, tscinvbit, avx, avx2, aes, erms, clmul, bmi1, bmi2, fma, vzeroupper, clflush

Memory: 4k page, system-wide physical 16280M (6689M free)
TotalPageFile size 32558M (AvailPageFile size 19942M)
current process WorkingSet (physical memory assigned to process): 153M, peak: 162M
current process commit charge ("private bytes"): 417M, peak: 435M

vm_info: OpenJDK 64-Bit Server VM (17.0.1+12-39) for windows-amd64 JRE (17.0.1+12-39), built on Sep 27 2021 18:39:29 by "mach5one" with MS VC++ 16.8 (VS2019)

END.
